<?xml version="1.0" encoding="UTF-8"?>
<!-- Generated by org.testng.reporters.JUnitReportReporter -->
<testsuite hostname="DESKTOP-OK061BU" name="PKG00.Class2" tests="1" failures="0" timestamp="22 Sep 2019 16:46:51 GMT" time="0.016" errors="0">
  <testcase name="tc2" time="0.016" classname="PKG00.Class2"/>
</testsuite> <!-- PKG00.Class2 -->
