<?xml version="1.0" encoding="UTF-8"?>
<!-- Generated by org.testng.reporters.JUnitReportReporter -->
<testsuite hostname="DESKTOP-OK061BU" name="PKG00.Class1" tests="1" failures="0" timestamp="22 Sep 2019 16:46:51 GMT" time="0.000" errors="0">
  <testcase name="tc1" time="0.000" classname="PKG00.Class1"/>
</testsuite> <!-- PKG00.Class1 -->
