<?xml version="1.0" encoding="UTF-8"?>
<!-- Generated by org.testng.reporters.JUnitReportReporter -->
<testsuite hostname="DESKTOP-OK061BU" name="PKG00.First" tests="2" failures="0" timestamp="22 Sep 2019 16:25:46 GMT" time="0.032" errors="0">
  <testcase name="tc" time="0.032" classname="PKG00.First"/>
  <testcase name="tc9" time="0.000" classname="PKG00.First"/>
</testsuite> <!-- PKG00.First -->
